###################################################################
args: 
adam_amsgrad :  False
adaptive_batch_size :  1000
apply_data_independent_bound :  False
architectures :  ['ResNet34']
attacker_dataset :  None
batch_size :  64
begin_id :  0
budget :  10.0
budgets :  [10.0]
class_type :  multiclass
commands :  ['train_private_models', 'basic_model_stealing_attack']
cwd :  /h/321/scwyllie/model-extraction-iclr
data_dir :  /h/321/scwyllie/random-extract/data
dataset :  cifar10
dataset_type :  balanced
debug :  False
device_ids :  [0, 1]
end_id :  1
eval_batch_size :  1000
label_reweight :  disable
log_every_epoch :  0
loss_type :  CE
lr :  0.1
lr_epochs :  [2]
lr_factor :  0.1
lr_mixmatch :  0.002
mode :  random
model_size :  small
momentum :  0.5
num_epochs :  100
num_models :  1
num_optimization_loop :  0
num_querying_parties :  1
num_workers :  0
optimizer :  SGD
path :  /h/321/scwyllie/random-extract
patience :  None
poisson_mechanism :  False
query_set_type :  numpy
querying_party_ids :  [0, 1, 2]
retrain_extracted_model :  False
schedule_factor :  0.1
schedule_patience :  10
scheduler_milestones :  None
scheduler_type :  ReduceLROnPlateau
seed :  111
show_dp_budget :  apply
shuffle_dataset :  False
sigma_gnmax :  2.0
sigma_gnmax_private_knn :  28.0
sigma_threshold :  0.0
sigmoid_op :  apply
target_model :  victim
test_models_type :  private
threshold :  0.0
timestamp :  2023-04-15-11-04-53-869440
transfer_type :  
useserver :  False
verbose :  True
weight_decay :  0.0001
ARGS FINISHED
slurmstepd: error: *** JOB 81049 ON nic2 CANCELLED AT 2023-04-15T11:05:56 ***
