###################################################################
args: 
adam_amsgrad :  False
adaptive_batch_size :  1000
apply_data_independent_bound :  False
architectures :  ['MnistNetPate']
attacker_dataset :  imagenet
batch_size :  64
begin_id :  0
budget :  10.0
budgets :  [10.0]
class_type :  multiclass
commands :  ['train_private_models', 'basic_model_stealing_attack']
cwd :  /h/321/scwyllie/model-extraction-iclr
data_dir :  /h/321/scwyllie/data
dataset :  mnist
dataset_type :  balanced
debug :  False
device_ids :  [0, 1, 2, 3]
end_id :  1
eval_batch_size :  1000
label_reweight :  disable
log_every_epoch :  0
loss_type :  CE
lr :  0.1
lr_epochs :  [2]
lr_factor :  0.1
lr_mixmatch :  0.002
mode :  knockoff
model_size :  small
momentum :  0.5
num_epochs :  50
num_models :  1
num_optimization_loop :  0
num_querying_parties :  1
num_workers :  0
optimizer :  SGD
path :  /h/321/scwyllie/model-extraction-iclr
patience :  None
poisson_mechanism :  False
query_set_type :  numpy
querying_party_ids :  [0, 1, 2]
retrain_extracted_model :  False
schedule_factor :  0.1
schedule_patience :  10
scheduler_milestones :  None
scheduler_type :  ReduceLROnPlateau
seed :  111
show_dp_budget :  apply
shuffle_dataset :  False
sigma_gnmax :  2.0
sigma_gnmax_private_knn :  28
sigma_threshold :  0.0
sigmoid_op :  apply
target_model :  victim
test_models_type :  private
threshold :  0.0
timestamp :  2023-04-13-20-13-54-881837
transfer_type :  
useserver :  False
verbose :  True
weight_decay :  0.0001
ARGS FINISHED
######################################################
architecture:  MnistNetPate
num_models:  1
args.private_model_path:  /h/321/scwyllie/model-extraction-iclr/private-models/mnist/MnistNetPate/1-models
args.retrained_private_models_path:  /h/321/scwyllie/model-extraction-iclr/retrained-private-models/mnist/MnistNetPate/1-models/knockoff
got here
Training private models
is cuda: True
device count 1
current 0
name NVIDIA GeForce RTX 2080 Ti
##########################################
Training private models on 'mnist' dataset!
Training private models on 'MnistNetPate' architecture!
Number of private models: 1
Initial learning rate: 0.1.
Number of epochs for training each model: 50
eval dataset:  <torch.utils.data.dataset.Subset object at 0x7f77a6be9f70>
##########################################
train dataset for model id: 0 <torch.utils.data.dataset.Subset object at 0x7f77a6be9a30>
Steps per epoch: 938
Traceback (most recent call last):
  File "/h/321/scwyllie/model-extraction-iclr/main.py", line 354, in <module>
    main(args)
  File "/h/321/scwyllie/model-extraction-iclr/main.py", line 342, in main
    train_private_models(args=args)
  File "/h/321/scwyllie/model-extraction-iclr/main.py", line 117, in train_private_models
    train_model(
  File "/h/321/scwyllie/model-extraction-iclr/utils.py", line 1371, in train_model
    device, device_ids = get_device(args=args)
  File "/h/321/scwyllie/model-extraction-iclr/utils.py", line 109, in get_device
    raise Exception(
Exception: #available gpu : 1 < --device_ids : 4
