###################################################################
args: 
adam_amsgrad :  False
adaptive_batch_size :  1000
apply_data_independent_bound :  False
architectures :  ['MnistNetPate']
attacker_dataset :  imagenet
batch_size :  64
begin_id :  0
budget :  10.0
budgets :  [10.0]
class_type :  multiclass
commands :  ['train_private_models', 'basic_model_stealing_attack']
cwd :  /h/321/scwyllie/model-extraction-iclr
data_dir :  /h/321/scwyllie/data
dataset :  mnist
dataset_type :  balanced
debug :  False
device_ids :  [0, 1]
end_id :  1
eval_batch_size :  1000
label_reweight :  disable
log_every_epoch :  0
loss_type :  CE
lr :  0.1
lr_epochs :  [2]
lr_factor :  0.1
lr_mixmatch :  0.002
mode :  knockoff
model_size :  small
momentum :  0.5
num_epochs :  50
num_models :  5
num_optimization_loop :  0
num_querying_parties :  1
num_workers :  0
optimizer :  SGD
path :  /h/321/scwyllie/model-extraction-iclr
patience :  None
poisson_mechanism :  False
query_set_type :  numpy
querying_party_ids :  [0, 1, 2]
retrain_extracted_model :  False
schedule_factor :  0.1
schedule_patience :  10
scheduler_milestones :  None
scheduler_type :  ReduceLROnPlateau
seed :  111
show_dp_budget :  apply
shuffle_dataset :  False
sigma_gnmax :  2.0
sigma_gnmax_private_knn :  28
sigma_threshold :  0.0
sigmoid_op :  apply
target_model :  victim
test_models_type :  private
threshold :  0.0
timestamp :  2023-04-14-16-07-40-497259
transfer_type :  
useserver :  False
verbose :  True
weight_decay :  0.0001
ARGS FINISHED
######################################################
architecture:  MnistNetPate
num_models:  5
args.private_model_path:  /h/321/scwyllie/model-extraction-iclr/private-models/mnist/MnistNetPate/5-models
args.retrained_private_models_path:  /h/321/scwyllie/model-extraction-iclr/retrained-private-models/mnist/MnistNetPate/5-models/knockoff
got here
Training private models
is cuda: True
device count 2
current 0
name NVIDIA GeForce RTX 2080 Ti
##########################################
Training private models on 'mnist' dataset!
Training private models on 'MnistNetPate' architecture!
Number of private models: 5
Initial learning rate: 0.1.
Number of epochs for training each model: 50
eval dataset:  <torch.utils.data.dataset.Subset object at 0x7fa18af5e9a0>
##########################################
train dataset for model id: 0 <torch.utils.data.dataset.Subset object at 0x7fa18afc4b80>
Steps per epoch: 188
Using GPU
Device ids: [0, 1]
STARTED TRAINING
Using GPU
EPOCH:  0
Using GPU
EPOCH:  1
Using GPU
EPOCH:  2
Using GPU
EPOCH:  3
Using GPU
EPOCH:  4
Using GPU
EPOCH:  5
Using GPU
EPOCH:  6
Using GPU
EPOCH:  7
Using GPU
EPOCH:  8
Using GPU
EPOCH:  9
Using GPU
EPOCH:  10
Using GPU
EPOCH:  11
Using GPU
EPOCH:  12
Using GPU
EPOCH:  13
Using GPU
EPOCH:  14
Using GPU
EPOCH:  15
Using GPU
EPOCH:  16
Using GPU
EPOCH:  17
Using GPU
EPOCH:  18
Using GPU
EPOCH:  19
Using GPU
EPOCH:  20
Using GPU
EPOCH:  21
Using GPU
EPOCH:  22
Using GPU
EPOCH:  23
Using GPU
EPOCH:  24
Using GPU
EPOCH:  25
Using GPU
EPOCH:  26
Using GPU
EPOCH:  27
Using GPU
EPOCH:  28
Using GPU
EPOCH:  29
Using GPU
EPOCH:  30
Using GPU
EPOCH:  31
Using GPU
EPOCH:  32
Using GPU
EPOCH:  33
Using GPU
EPOCH:  34
Using GPU
EPOCH:  35
Using GPU
EPOCH:  36
Using GPU
EPOCH:  37
Using GPU
EPOCH:  38
Using GPU
EPOCH:  39
Using GPU
EPOCH:  40
Using GPU
EPOCH:  41
Using GPU
EPOCH:  42
Using GPU
EPOCH:  43
Using GPU
EPOCH:  44
Using GPU
EPOCH:  45
Using GPU
EPOCH:  46
Using GPU
EPOCH:  47
Using GPU
EPOCH:  48
Using GPU
EPOCH:  49
Using GPU
loss: 0.04946587282593591 | acc: 98.6 | acc2: 0 | balanced_acc: 0.9858514447006128 | auc: 0.9999065821707963 | acc_detailed: [99.0816,99.7357,98.7403,99.0099,98.4725,98.7668,97.9123,98.0545,98.3573,
 97.7205] | map: 97.51257601951335 | model_name: model(1) | 
##########################################
elapsed time: 408.81523871421814

##########################################
queries,accuracy,type,privacy
queries,accuracy,type,privacy
0,10,0,0
0,10,0,0
queries,type,entropy
0,0,0
queries,type,gap
0,0,0
queries,type,pknn
0,0,0
args.victim_model_path:  /h/321/scwyllie/model-extraction-iclr/private-models/mnist/MnistNetPate/1-models
Training adaptive model on 'mnist' dataset!
Training adaptive model on 'MnistNetPate' architecture!
Number of private models: 5
Initial learning rate: 0.1.
Number of epochs for training each model: 50
eval dataset:  <torch.utils.data.dataset.Subset object at 0x7fa18af5e9a0>
Label counts for eval set: [ 980, 1135, 1032, 1010,  982,  892,  958, 1028,  974, 1009].
Class ratios for eval set: [ 9.8 , 11.35, 10.32, 10.1 ,  9.82,  8.92,  9.58, 10.28,  9.74, 10.09].
Number of eval samples: 10000.
Loaded stolen model
Traceback (most recent call last):
  File "/h/321/scwyllie/model-extraction-iclr/main.py", line 354, in <module>
    main(args)
  File "/h/321/scwyllie/model-extraction-iclr/main.py", line 344, in main
    run_model_extraction(args=args)
  File "/h/321/scwyllie/model-extraction-iclr/model_extraction/main_model_extraction.py", line 436, in run_model_extraction
    victim_model, cost_estimator_model = get_victim_model_and_estimator(args)
  File "/h/321/scwyllie/model-extraction-iclr/model_extraction/main_model_extraction.py", line 292, in get_victim_model_and_estimator
    cost_estimator = load_private_models(args=args,
  File "/h/321/scwyllie/model-extraction-iclr/models/load_models.py", line 12, in load_private_models
    private_model = load_private_model_by_id(
  File "/h/321/scwyllie/model-extraction-iclr/models/load_models.py", line 62, in load_private_model_by_id
    raise Exception(
Exception: Checkpoint file /h/321/scwyllie/model-extraction-iclr/private-models/mnist/MnistNetPate/5-models/checkpoint-model(2).pth.tar does not exist, please generate it via train_private_models(args)!
